<?xml version="1.0" encoding="UTF-8"?>
<testsuite xmlns:xsi="http://www.w3.org/2001/XMLSchema-instance" xsi:schemaLocation="https://maven.apache.org/surefire/maven-surefire-plugin/xsd/surefire-test-report.xsd" name="Projekt1.AllTest" time="0.099" tests="49" errors="0" skipped="0" failures="0">
  <properties>
    <property name="java.runtime.name" value="OpenJDK Runtime Environment"/>
    <property name="sun.boot.library.path" value="/usr/lib/jvm/java-1.8.0-openjdk-1.8.0.171-3.b10.fc26.x86_64/jre/lib/amd64"/>
    <property name="java.vm.version" value="25.171-b10"/>
    <property name="java.vm.vendor" value="Oracle Corporation"/>
    <property name="java.vendor.url" value="http://java.oracle.com/"/>
    <property name="path.separator" value=":"/>
    <property name="guice.disable.misplaced.annotation.check" value="true"/>
    <property name="java.vm.name" value="OpenJDK 64-Bit Server VM"/>
    <property name="file.encoding.pkg" value="sun.io"/>
    <property name="user.country" value="PL"/>
    <property name="sun.java.launcher" value="SUN_STANDARD"/>
    <property name="sun.os.patch.level" value="unknown"/>
    <property name="java.vm.specification.name" value="Java Virtual Machine Specification"/>
    <property name="user.dir" value="/home/msegun/Dokumenty/Java-Data/Projects/projekt1-Msegun"/>
    <property name="java.runtime.version" value="1.8.0_171-b10"/>
    <property name="java.awt.graphicsenv" value="sun.awt.X11GraphicsEnvironment"/>
    <property name="java.endorsed.dirs" value="/usr/lib/jvm/java-1.8.0-openjdk-1.8.0.171-3.b10.fc26.x86_64/jre/lib/endorsed"/>
    <property name="os.arch" value="amd64"/>
    <property name="java.io.tmpdir" value="/tmp"/>
    <property name="line.separator" value="&#10;"/>
    <property name="java.vm.specification.vendor" value="Oracle Corporation"/>
    <property name="os.name" value="Linux"/>
    <property name="classworlds.conf" value="/opt/apache-maven-3.0.5/bin/m2.conf"/>
    <property name="sun.jnu.encoding" value="UTF-8"/>
    <property name="java.library.path" value="/usr/java/packages/lib/amd64:/usr/lib64:/lib64:/lib:/usr/lib"/>
    <property name="java.specification.name" value="Java Platform API Specification"/>
    <property name="java.class.version" value="52.0"/>
    <property name="sun.management.compiler" value="HotSpot 64-Bit Tiered Compilers"/>
    <property name="os.version" value="4.16.11-100.fc26.x86_64"/>
    <property name="user.home" value="/home/msegun"/>
    <property name="user.timezone" value="Europe/Warsaw"/>
    <property name="java.awt.printerjob" value="sun.print.PSPrinterJob"/>
    <property name="file.encoding" value="UTF-8"/>
    <property name="java.specification.version" value="1.8"/>
    <property name="user.name" value="msegun"/>
    <property name="java.class.path" value="/opt/apache-maven-3.0.5/boot/plexus-classworlds-2.4.jar"/>
    <property name="java.vm.specification.version" value="1.8"/>
    <property name="sun.arch.data.model" value="64"/>
    <property name="java.home" value="/usr/lib/jvm/java-1.8.0-openjdk-1.8.0.171-3.b10.fc26.x86_64/jre"/>
    <property name="sun.java.command" value="org.codehaus.plexus.classworlds.launcher.Launcher integration-test"/>
    <property name="java.specification.vendor" value="Oracle Corporation"/>
    <property name="user.language" value="pl"/>
    <property name="awt.toolkit" value="sun.awt.X11.XToolkit"/>
    <property name="java.vm.info" value="mixed mode"/>
    <property name="java.version" value="1.8.0_171"/>
    <property name="java.ext.dirs" value="/usr/lib/jvm/java-1.8.0-openjdk-1.8.0.171-3.b10.fc26.x86_64/jre/lib/ext:/usr/java/packages/lib/ext"/>
    <property name="securerandom.source" value="file:/dev/./urandom"/>
    <property name="sun.boot.class.path" value="/usr/lib/jvm/java-1.8.0-openjdk-1.8.0.171-3.b10.fc26.x86_64/jre/lib/resources.jar:/usr/lib/jvm/java-1.8.0-openjdk-1.8.0.171-3.b10.fc26.x86_64/jre/lib/rt.jar:/usr/lib/jvm/java-1.8.0-openjdk-1.8.0.171-3.b10.fc26.x86_64/jre/lib/sunrsasign.jar:/usr/lib/jvm/java-1.8.0-openjdk-1.8.0.171-3.b10.fc26.x86_64/jre/lib/jsse.jar:/usr/lib/jvm/java-1.8.0-openjdk-1.8.0.171-3.b10.fc26.x86_64/jre/lib/jce.jar:/usr/lib/jvm/java-1.8.0-openjdk-1.8.0.171-3.b10.fc26.x86_64/jre/lib/charsets.jar:/usr/lib/jvm/java-1.8.0-openjdk-1.8.0.171-3.b10.fc26.x86_64/jre/lib/jfr.jar:/usr/lib/jvm/java-1.8.0-openjdk-1.8.0.171-3.b10.fc26.x86_64/jre/classes"/>
    <property name="java.vendor" value="Oracle Corporation"/>
    <property name="maven.home" value="/opt/apache-maven-3.0.5"/>
    <property name="file.separator" value="/"/>
    <property name="java.vendor.url.bug" value="http://bugreport.sun.com/bugreport/"/>
    <property name="sun.cpu.endian" value="little"/>
    <property name="sun.io.unicode.encoding" value="UnicodeLittle"/>
    <property name="sun.desktop" value="gnome"/>
    <property name="sun.cpu.isalist" value=""/>
  </properties>
  <testcase name="Cyfrokrad_expected_IllegalArgumantException_with_null_Input" classname="Projekt1.Cyfrokrad" time="0.001"/>
  <testcase name="CzyCyfrokrad_different_from_input" classname="Projekt1.Cyfrokrad" time="0.002"/>
  <testcase name="CzyCyfrokrad_one_less_length_than_input" classname="Projekt1.Cyfrokrad" time="0.001"/>
  <testcase name="CzyCyfrokrad_works_properly" classname="Projekt1.Cyfrokrad" time="0.004"/>
  <testcase name="Cyfrokrad_is_Null_with_OneNumber_Input" classname="Projekt1.Cyfrokrad" time="0"/>
  <testcase name="CyfroKrad_Checking_difference_with_parameters[0]" classname="Projekt1.CyfrokradParametrized" time="0"/>
  <testcase name="CyfroKrad_Checking_difference_with_parameters[1]" classname="Projekt1.CyfrokradParametrized" time="0"/>
  <testcase name="CyfroKrad_Checking_difference_with_parameters[2]" classname="Projekt1.CyfrokradParametrized" time="0.001"/>
  <testcase name="CyfroKrad_Checking_difference_with_parameters[3]" classname="Projekt1.CyfrokradParametrized" time="0"/>
  <testcase name="CyfroKrad_Checking_difference_with_parameters[4]" classname="Projekt1.CyfrokradParametrized" time="0"/>
  <testcase name="HultajHochla_Expect_IAException_For_Null_Input" classname="Projekt1.HultajHochla" time="0"/>
  <testcase name="HultajHochla_Expect_NPException_For_One_Number" classname="Projekt1.HultajHochla" time="0"/>
  <testcase name="HultajHochla_Working_Properly" classname="Projekt1.HultajHochla" time="0.001"/>
  <testcase name="HultajHochla_Working_Properly_Bigger_Numbers_Assert_J" classname="Projekt1.HultajHochla" time="0.056"/>
  <testcase name="HultajHochla_Working_Properly_Bigger_Numbers" classname="Projekt1.HultajHochla" time="0"/>
  <testcase name="HultajHochla_Working_Properly_Negative_Bigger_Numbers_Assert_J" classname="Projekt1.HultajHochla" time="0.001"/>
  <testcase name="Nieksztaltek_Should_Change_one_Number" classname="Projekt1.Nieksztaltek" time="0.001"/>
  <testcase name="Nieksztaltek_Should_Change_Number_Three_to_Eight" classname="Projekt1.Nieksztaltek" time="0"/>
  <testcase name="Nieksztaltek_Should_Change_Number_Six_to_Nine" classname="Projekt1.Nieksztaltek" time="0.001"/>
  <testcase name="NumberChanger_Test_with_OtherValue" classname="Projekt1.Nieksztaltek" time="0"/>
  <testcase name="NumberChanger_Test_with_Six" classname="Projekt1.Nieksztaltek" time="0.001"/>
  <testcase name="Nieksztaltek_Should_Throw_Exection_with_null_Input" classname="Projekt1.Nieksztaltek" time="0"/>
  <testcase name="Nieksztaltek_Should_Non_Null_Different_Value" classname="Projekt1.Nieksztaltek" time="0"/>
  <testcase name="Nieksztaltek_Should_Return_Different_Value" classname="Projekt1.Nieksztaltek" time="0"/>
  <testcase name="Nieksztaltek_Should_Return_Value_Without_Changes" classname="Projekt1.Nieksztaltek" time="0"/>
  <testcase name="Nieksztaltek_Should_Change_Number_Seven_to_One" classname="Projekt1.Nieksztaltek" time="0"/>
  <testcase name="NumberChanger_Test_with_Seven" classname="Projekt1.Nieksztaltek" time="0"/>
  <testcase name="NumberChanger_Test_with_Three" classname="Projekt1.Nieksztaltek" time="0"/>
  <testcase name="Heheszki_Should_Be_Different_From_One_Is_Zero" classname="Projekt1.Heheszki" time="0.001"/>
  <testcase name="Heheszki_Proper_Input_Should_Be_Less_Than_Input" classname="Projekt1.Heheszki" time="0"/>
  <testcase name="Heheszki_Null_Input_Should_Throw_Exception" classname="Projekt1.Heheszki" time="0.001"/>
  <testcase name="Heheszki_Proper_Input_Should_Be_GreaterEqual_Than_Zero" classname="Projekt1.Heheszki" time="0"/>
  <testcase name="Heheszki_Zero_Input_Should_return_Zero" classname="Projekt1.Heheszki" time="0"/>
  <testcase name="Heheszki_Should_Be_Different_from_Input" classname="Projekt1.Heheszki" time="0"/>
  <testcase name="Heheszki_Lesser_Than_Zero_Should_Throw_Exception" classname="Projekt1.Heheszki" time="0"/>
  <testcase name="Heheszki_Proper_Input_Should_Be_Less_Than_Input[0]" classname="Projekt1.HeheszkiParametrized" time="0"/>
  <testcase name="Heheszki_Proper_Input_Should_Be_GreaterEqual_Than_Zero[0]" classname="Projekt1.HeheszkiParametrized" time="0"/>
  <testcase name="Heheszki_Proper_Input_Should_Be_Less_Than_Input[1]" classname="Projekt1.HeheszkiParametrized" time="0"/>
  <testcase name="Heheszki_Proper_Input_Should_Be_GreaterEqual_Than_Zero[1]" classname="Projekt1.HeheszkiParametrized" time="0"/>
  <testcase name="Heheszki_Proper_Input_Should_Be_Less_Than_Input[2]" classname="Projekt1.HeheszkiParametrized" time="0.001"/>
  <testcase name="Heheszki_Proper_Input_Should_Be_GreaterEqual_Than_Zero[2]" classname="Projekt1.HeheszkiParametrized" time="0"/>
  <testcase name="Heheszki_Proper_Input_Should_Be_Less_Than_Input[3]" classname="Projekt1.HeheszkiParametrized" time="0"/>
  <testcase name="Heheszki_Proper_Input_Should_Be_GreaterEqual_Than_Zero[3]" classname="Projekt1.HeheszkiParametrized" time="0"/>
  <testcase name="Heheszki_Proper_Input_Should_Be_Less_Than_Input[4]" classname="Projekt1.HeheszkiParametrized" time="0.001"/>
  <testcase name="Heheszki_Proper_Input_Should_Be_GreaterEqual_Than_Zero[4]" classname="Projekt1.HeheszkiParametrized" time="0"/>
  <testcase name="Should_return_Exception_With_Null_Input" classname="Projekt1.TiTit" time="0"/>
  <testcase name="Should_return_Exception_With_Zero_Input" classname="Projekt1.TiTit" time="0"/>
  <testcase name="Should_return_False_with_Incorrect_Input" classname="Projekt1.TiTit" time="0"/>
  <testcase name="Should_return_True_with_correct_Input" classname="Projekt1.TiTit" time="0"/>
</testsuite>